<?xml version="1.0" encoding="UTF-8"?>
<testsuite xmlns:xsi="http://www.w3.org/2001/XMLSchema-instance" xsi:noNamespaceSchemaLocation="https://maven.apache.org/surefire/maven-surefire-plugin/xsd/surefire-test-report.xsd" name="com.mail.AppTest" time="0.528" tests="2" errors="0" skipped="0" failures="2">
  <properties>
[...]
</properties>
  <testcase name="testMailReceiving" classname="com.mail.AppTest" time="0.284">
    <failure message="Email receiving failed: failed to connect, no password specified?" type="java.lang.AssertionError">java.lang.AssertionError: Email receiving failed: failed to connect, no password specified?
	at com.mail.AppTest.testMailReceiving(AppTest.java:50)
</failure>
  </testcase>
  <testcase name="testMailSending" classname="com.mail.AppTest" time="0.062">
    <failure message="Email sending failed: Cannot invoke &quot;String.length()&quot; because &quot;s&quot; is null" type="java.lang.AssertionError">java.lang.AssertionError: Email sending failed: Cannot invoke "String.length()" because "s" is null
	at com.mail.AppTest.testMailSending(AppTest.java:35)
</failure>
  </testcase>
</testsuite>